<?xml version="1.0" encoding="UTF-8"?>
<!-- Generated by org.testng.reporters.JUnitReportReporter -->
<testsuite hostname="MSI" failures="0" tests="1" name="demo.NewTest" time="0.008" errors="0" timestamp="2023-05-15T16:34:33 IST" skipped="0">
  <testcase classname="demo.NewTest" name="f" time="0.008"/>
  <system-out/>
</testsuite> <!-- demo.NewTest -->
