<?xml version="1.0" encoding="UTF-8"?>
<!-- Generated by org.testng.reporters.JUnitReportReporter -->
<testsuite hostname="MSI" failures="0" tests="1" name="lanch_browser.Browser" time="61.856" errors="0" timestamp="2023-05-18T19:09:06 IST" skipped="0">
  <testcase classname="lanch_browser.Browser" name="f" time="61.856"/>
  <system-out/>
</testsuite> <!-- lanch_browser.Browser -->
